#
# A fatal error has been detected by the Java Runtime Environment:
#
#  SIGSEGV (0xb) at pc=0x000000010179b648, pid=538, tid=0x0000000000003f03
#
# JRE version: OpenJDK Runtime Environment (8.0_152-b01) (build 1.8.0_152-release-1024-b01)
# Java VM: OpenJDK 64-Bit Server VM (25.152-b01 mixed mode bsd-amd64 compressed oops)
# Problematic frame:
# V  [libjvm.dylib+0x39b648]  PhaseIdealLoop::get_late_ctrl(Node*, Node*)+0xee
#
# Failed to write core dump. Core dumps have been disabled. To enable core dumping, try "ulimit -c unlimited" before starting Java again
#
# If you would like to submit a bug report, please visit:
#   http://bugreport.java.com/bugreport/crash.jsp
#

---------------  T H R E A D  ---------------

Current thread (0x00007f9de182a000):  JavaThread "C2 CompilerThread2" daemon [_thread_in_native, id=16131, stack(0x0000700003212000,0x0000700003312000)]

siginfo: si_signo: 11 (SIGSEGV), si_code: 0 (unknown), si_addr: 0x0000000000000000

Registers:
RAX=0x00000000000002af, RBX=0x00007f9de04f6230, RCX=0x00007f9ddf82e590, RDX=0x00007f9de3d750f0
RSP=0x000070000330e0f0, RBP=0x000070000330e150, RSI=0x80007f9de3d74e58, RDI=0x000070000330ef50
R8 =0x0000000000000000, R9 =0xffffffff00000000, R10=0x0000000101be1a20, R11=0x0000000000000100
R12=0x00007f9de2cb6d08, R13=0x000070000330ef50, R14=0x00007f9de3d750f0, R15=0x000070000330e100
RIP=0x000000010179b648, EFLAGS=0x0000000000010216, ERR=0x0000000000000000
  TRAPNO=0x000000000000000d

Top of Stack: (sp=0x000070000330e0f0)
0x000070000330e0f0:   000070000330e130 00007f9de06ab7b8
0x000070000330e100:   00007f9de1017750 0000000000000400
0x000070000330e110:   00007f9ddf82e590 00000000000002af
0x000070000330e120:   00007f9de2cb6e78 000070000330ef50
0x000070000330e130:   000070000330ef50 0000000000000001
0x000070000330e140:   00007f9de06ab7b8 00007f9de2cb6d08
0x000070000330e150:   000070000330e190 000000010179baea
0x000070000330e160:   0000000000000001 000070000330ef50
0x000070000330e170:   0000000000000001 0000000000000001
0x000070000330e180:   00007f9de06ab7b8 000070000330e440
0x000070000330e190:   000070000330e1f0 000000010179a5f7
0x000070000330e1a0:   000070000330e1d0 000070000330f908
0x000070000330e1b0:   000070000330e460 000070000330e440
0x000070000330e1c0:   000070000330e490 000070000330e460
0x000070000330e1d0:   00007f9ddf5209a0 0000000000000002
0x000070000330e1e0:   000070000330ef50 000070000330e490
0x000070000330e1f0:   000070000330e4f0 0000000101799abc
0x000070000330e200:   00007f9de1017750 0000000000000004
0x000070000330e210:   00007f9de198ce10 0000000100000000
0x000070000330e220:   0000000000000000 0000000100379000
0x000070000330e230:   0000000000020010 0000000000020010
0x000070000330e240:   000070000330e310 00007fff5f2923e1
0x000070000330e250:   00007f9de3e5da98 00007f9ddf8de028
0x000070000330e260:   000070000330e290 00000001019158aa
0x000070000330e270:   0000000101bbd778 00007f9ddf47fa50
0x000070000330e280:   0000000000000000 0000000000000000
0x000070000330e290:   000070000330e2a0 000000010190fe9a
0x000070000330e2a0:   000070000330e300 000000010161239d
0x000070000330e2b0:   000070000330e2e0 000000010182137f
0x000070000330e2c0:   000070000330e2e0 0000000101540125
0x000070000330e2d0:   000070000330e340 0000000101689c97
0x000070000330e2e0:   000000000330e340 0000000101bdeffc 

Instructions: (pc=0x000000010179b648)
0x000000010179b628:   39 fb 72 ec 8b 45 c8 85 c0 0f 84 c0 00 00 00 4c
0x000000010179b638:   8d 7d b0 ff c8 89 45 c8 48 8b 4d c0 48 8b 34 c1
0x000000010179b648:   0f b7 46 2c 89 c1 83 e1 3f 83 f9 30 74 78 0f b6
0x000000010179b658:   c0 0f b7 c0 3d 80 00 00 00 75 26 8b 46 20 48 85 

Register to memory mapping:

RAX=0x00000000000002af is an unknown value
RBX=0x00007f9de04f6230 is an unknown value
RCX=0x00007f9ddf82e590 is an unknown value
RDX=0x00007f9de3d750f0 is an unknown value
RSP=0x000070000330e0f0 is pointing into the stack for thread: 0x00007f9de182a000
RBP=0x000070000330e150 is pointing into the stack for thread: 0x00007f9de182a000
RSI=0x80007f9de3d74e58 is an unknown value
RDI=0x000070000330ef50 is pointing into the stack for thread: 0x00007f9de182a000
R8 =0x0000000000000000 is an unknown value
R9 =0xffffffff00000000 is an unknown value
R10=0x0000000101be1a20: _ZL8tc_mutex+0x18 in /Applications/Android Studio.app/Contents/jre/jdk/Contents/Home/jre/lib/server/libjvm.dylib at 0x0000000101400000
R11=0x0000000000000100 is an unknown value
R12=0x00007f9de2cb6d08 is an unknown value
R13=0x000070000330ef50 is pointing into the stack for thread: 0x00007f9de182a000
R14=0x00007f9de3d750f0 is an unknown value
R15=0x000070000330e100 is pointing into the stack for thread: 0x00007f9de182a000


Stack: [0x0000700003212000,0x0000700003312000],  sp=0x000070000330e0f0,  free space=1008k
Native frames: (J=compiled Java code, j=interpreted, Vv=VM code, C=native code)
V  [libjvm.dylib+0x39b648]  PhaseIdealLoop::get_late_ctrl(Node*, Node*)+0xee
V  [libjvm.dylib+0x39baea]  PhaseIdealLoop::build_loop_late_post(Node*)+0x114
V  [libjvm.dylib+0x39a5f7]  PhaseIdealLoop::build_loop_late(VectorSet&, Node_List&, Node_Stack&)+0x16d
V  [libjvm.dylib+0x399abc]  PhaseIdealLoop::build_and_optimize(bool, bool)+0x59a
V  [libjvm.dylib+0x196556]  Compile::Optimize()+0x78e
V  [libjvm.dylib+0x1952ec]  Compile::Compile(ciEnv*, C2Compiler*, ciMethod*, int, bool, bool, bool)+0x95e
V  [libjvm.dylib+0x13b9da]  C2Compiler::compile_method(ciEnv*, ciMethod*, int)+0xa4
V  [libjvm.dylib+0x1a067a]  CompileBroker::invoke_compiler_on_method(CompileTask*)+0x564
V  [libjvm.dylib+0x19fc78]  CompileBroker::compiler_thread_loop()+0x270
V  [libjvm.dylib+0x505e88]  JavaThread::thread_main_inner()+0x82
V  [libjvm.dylib+0x505d4d]  JavaThread::run()+0x199
V  [libjvm.dylib+0x435709]  java_start(Thread*)+0xfa
C  [libsystem_pthread.dylib+0x36c1]  _pthread_body+0x154
C  [libsystem_pthread.dylib+0x356d]  _pthread_body+0x0
C  [libsystem_pthread.dylib+0x2c5d]  thread_start+0xd
C  0x0000000000000000


Current CompileTask:
C2:   1775 1339   !   4       java.net.URLClassLoader$1::run (63 bytes)


---------------  P R O C E S S  ---------------

Java Threads: ( => current thread )
  0x00007f9ddf8d8800 JavaThread "Cache worker for file hash cache (/Users/annascott/Downloads/ButtonDemo/.gradle/4.4/fileHashes)" [_thread_blocked, id=39939, stack(0x000070000403c000,0x000070000413c000)]
  0x00007f9de1d54000 JavaThread "File lock request listener" [_thread_in_native, id=23299, stack(0x0000700003f39000,0x0000700004039000)]
  0x00007f9de02bf000 JavaThread "Cache worker for file hash cache (/Users/annascott/.gradle/caches/4.4/fileHashes)" [_thread_blocked, id=22787, stack(0x0000700003e36000,0x0000700003f36000)]
  0x00007f9de2a51000 JavaThread "Stdin handler" [_thread_blocked, id=22275, stack(0x0000700003d33000,0x0000700003e33000)]
  0x00007f9de1d48800 JavaThread "Asynchronous log dispatcher for DefaultDaemonConnection: socket connection from /127.0.0.1:49483 to /127.0.0.1:49488" [_thread_blocked, id=22019, stack(0x0000700003c30000,0x0000700003d30000)]
  0x00007f9de206f000 JavaThread "Daemon worker" [_thread_in_vm, id=40707, stack(0x0000700003b2d000,0x0000700003c2d000)]
  0x00007f9de0238000 JavaThread "Cancel handler" [_thread_blocked, id=41219, stack(0x0000700003a2a000,0x0000700003b2a000)]
  0x00007f9de2b55000 JavaThread "Handler for socket connection from /127.0.0.1:49483 to /127.0.0.1:49488" [_thread_in_native, id=41731, stack(0x0000700003927000,0x0000700003a27000)]
  0x00007f9de1d43800 JavaThread "Daemon" [_thread_blocked, id=42243, stack(0x0000700003824000,0x0000700003924000)]
  0x00007f9de1d28800 JavaThread "Daemon periodic checks" [_thread_blocked, id=42755, stack(0x0000700003721000,0x0000700003821000)]
  0x00007f9de3ba1800 JavaThread "Incoming local TCP Connector on port 49483" [_thread_in_native, id=43267, stack(0x000070000361e000,0x000070000371e000)]
  0x00007f9de3816800 JavaThread "Service Thread" daemon [_thread_blocked, id=15875, stack(0x0000700003418000,0x0000700003518000)]
  0x00007f9ddf802000 JavaThread "C1 CompilerThread3" daemon [_thread_blocked, id=14851, stack(0x0000700003315000,0x0000700003415000)]
=>0x00007f9de182a000 JavaThread "C2 CompilerThread2" daemon [_thread_in_native, id=16131, stack(0x0000700003212000,0x0000700003312000)]
  0x00007f9de1827800 JavaThread "C2 CompilerThread1" daemon [_thread_in_native, id=16643, stack(0x000070000310f000,0x000070000320f000)]
  0x00007f9de1828000 JavaThread "C2 CompilerThread0" daemon [_thread_blocked, id=14083, stack(0x000070000300c000,0x000070000310c000)]
  0x00007f9de1826800 JavaThread "Signal Dispatcher" daemon [_thread_blocked, id=17163, stack(0x0000700002f09000,0x0000700003009000)]
  0x00007f9ddf812800 JavaThread "Finalizer" daemon [_thread_blocked, id=19971, stack(0x0000700002e06000,0x0000700002f06000)]
  0x00007f9de1808000 JavaThread "Reference Handler" daemon [_thread_blocked, id=13059, stack(0x0000700002d03000,0x0000700002e03000)]
  0x00007f9de3801800 JavaThread "main" [_thread_blocked, id=5635, stack(0x00007000022e5000,0x00007000023e5000)]

Other Threads:
  0x00007f9de383c800 VMThread [stack: 0x0000700002c00000,0x0000700002d00000] [id=12803]
  0x00007f9de3817000 WatcherThread [stack: 0x000070000351b000,0x000070000361b000] [id=15363]

VM state:not at safepoint (normal execution)

VM Mutex/Monitor currently owned by a thread: None

Heap:
 PSYoungGen      total 76288K, used 68922K [0x00000007a0000000, 0x00000007a5500000, 0x00000007c0000000)
  eden space 65536K, 93% used [0x00000007a0000000,0x00000007a3bc9308,0x00000007a4000000)
  from space 10752K, 71% used [0x00000007a4000000,0x00000007a4785618,0x00000007a4a80000)
  to   space 10752K, 0% used [0x00000007a4a80000,0x00000007a4a80000,0x00000007a5500000)
 ParOldGen       total 175104K, used 16K [0x0000000760000000, 0x000000076ab00000, 0x00000007a0000000)
  object space 175104K, 0% used [0x0000000760000000,0x0000000760004000,0x000000076ab00000)
 Metaspace       used 16266K, capacity 16628K, committed 16896K, reserved 1062912K
  class space    used 2341K, capacity 2442K, committed 2560K, reserved 1048576K

Card table byte_map: [0x0000000102268000,0x0000000102569000] byte_map_base: 0x00000000fe768000

Marking Bits: (ParMarkBitMap*) 0x0000000101bf81c8
 Begin Bits: [0x0000000102769000, 0x0000000103f69000)
 End Bits:   [0x0000000103f69000, 0x0000000105769000)

Polling page: 0x00000001003de000

CodeCache: size=245760Kb used=4722Kb max_used=4741Kb free=241037Kb
 bounds [0x0000000108a55000, 0x0000000108f05000, 0x0000000117a55000]
 total_blobs=1756 nmethods=1397 adapters=273
 compilation: enabled

Compilation events (10 events):
Event: 1.740 Thread 0x00007f9ddf802000 nmethod 1389 0x0000000108ee7250 code [0x0000000108ee7400, 0x0000000108ee79f8]
Event: 1.740 Thread 0x00007f9ddf802000 1388       3       sun.misc.ProxyGenerator$ExceptionTableEntry::<init> (26 bytes)
Event: 1.741 Thread 0x00007f9ddf802000 nmethod 1388 0x0000000108ecc150 code [0x0000000108ecc2c0, 0x0000000108ecc470]
Event: 1.741 Thread 0x00007f9ddf802000 1390       3       sun.reflect.Reflection::filter (220 bytes)
Event: 1.742 Thread 0x00007f9ddf802000 nmethod 1390 0x0000000108ee8850 code [0x0000000108ee8a60, 0x0000000108ee9668]
Event: 1.742 Thread 0x00007f9ddf802000 1391       3       java.util.LinkedHashMap$LinkedValueIterator::next (8 bytes)
Event: 1.742 Thread 0x00007f9ddf802000 nmethod 1391 0x0000000108eeb890 code [0x0000000108eeba00, 0x0000000108eebc08]
Event: 1.742 Thread 0x00007f9de1828000 1392       4       java.io.DataOutputStream::writeShort (35 bytes)
Event: 1.744 Thread 0x00007f9ddf802000 1393       3       sun.reflect.NativeMethodAccessorImpl::invoke (104 bytes)
Event: 1.745 Thread 0x00007f9ddf802000 nmethod 1393 0x0000000108eebcd0 code [0x0000000108eebf40, 0x0000000108eed3f8]

GC Heap History (2 events):
Event: 0.960 GC heap before
{Heap before GC invocations=1 (full 0):
 PSYoungGen      total 76288K, used 65536K [0x00000007a0000000, 0x00000007a5500000, 0x00000007c0000000)
  eden space 65536K, 100% used [0x00000007a0000000,0x00000007a4000000,0x00000007a4000000)
  from space 10752K, 0% used [0x00000007a4a80000,0x00000007a4a80000,0x00000007a5500000)
  to   space 10752K, 0% used [0x00000007a4000000,0x00000007a4000000,0x00000007a4a80000)
 ParOldGen       total 175104K, used 0K [0x0000000760000000, 0x000000076ab00000, 0x00000007a0000000)
  object space 175104K, 0% used [0x0000000760000000,0x0000000760000000,0x000000076ab00000)
 Metaspace       used 10617K, capacity 10920K, committed 11136K, reserved 1058816K
  class space    used 1423K, capacity 1550K, committed 1664K, reserved 1048576K
Event: 0.968 GC heap after
Heap after GC invocations=1 (full 0):
 PSYoungGen      total 76288K, used 7701K [0x00000007a0000000, 0x00000007a5500000, 0x00000007c0000000)
  eden space 65536K, 0% used [0x00000007a0000000,0x00000007a0000000,0x00000007a4000000)
  from space 10752K, 71% used [0x00000007a4000000,0x00000007a4785618,0x00000007a4a80000)
  to   space 10752K, 0% used [0x00000007a4a80000,0x00000007a4a80000,0x00000007a5500000)
 ParOldGen       total 175104K, used 16K [0x0000000760000000, 0x000000076ab00000, 0x00000007a0000000)
  object space 175104K, 0% used [0x0000000760000000,0x0000000760004000,0x000000076ab00000)
 Metaspace       used 10617K, capacity 10920K, committed 11136K, reserved 1058816K
  class space    used 1423K, capacity 1550K, committed 1664K, reserved 1048576K
}

Deoptimization events (10 events):
Event: 0.687 Thread 0x00007f9de3801800 Uncommon trap: reason=bimorphic action=maybe_recompile pc=0x0000000108d352a8 method=java.util.HashMap.putVal(ILjava/lang/Object;Ljava/lang/Object;ZZ)Ljava/lang/Object; @ 91
Event: 0.687 Thread 0x00007f9de3801800 Uncommon trap: reason=bimorphic action=maybe_recompile pc=0x0000000108d352a8 method=java.util.HashMap.putVal(ILjava/lang/Object;Ljava/lang/Object;ZZ)Ljava/lang/Object; @ 91
Event: 0.688 Thread 0x00007f9de3801800 Uncommon trap: reason=bimorphic action=maybe_recompile pc=0x0000000108d352a8 method=java.util.HashMap.putVal(ILjava/lang/Object;Ljava/lang/Object;ZZ)Ljava/lang/Object; @ 91
Event: 0.692 Thread 0x00007f9de3801800 Uncommon trap: reason=bimorphic action=maybe_recompile pc=0x0000000108d33a98 method=java.util.HashMap.putVal(ILjava/lang/Object;Ljava/lang/Object;ZZ)Ljava/lang/Object; @ 91
Event: 1.005 Thread 0x00007f9de2b55000 Uncommon trap: reason=unstable_if action=reinterpret pc=0x0000000108da8e64 method=java.util.concurrent.ConcurrentHashMap.putVal(Ljava/lang/Object;Ljava/lang/Object;Z)Ljava/lang/Object; @ 206
Event: 1.095 Thread 0x00007f9de206f000 Uncommon trap: reason=class_check action=maybe_recompile pc=0x0000000108cd57f8 method=java.util.regex.Matcher.match(II)Z @ 86
Event: 1.390 Thread 0x00007f9de206f000 Uncommon trap: reason=class_check action=maybe_recompile pc=0x0000000108cd57f8 method=java.util.regex.Matcher.match(II)Z @ 86
Event: 1.391 Thread 0x00007f9de206f000 Uncommon trap: reason=class_check action=maybe_recompile pc=0x0000000108cb98e0 method=java.util.regex.Matcher.match(II)Z @ 86
Event: 1.727 Thread 0x00007f9de206f000 Uncommon trap: reason=unstable_if action=reinterpret pc=0x0000000108baf72c method=java.net.URI.match(CJJ)Z @ 19
Event: 1.727 Thread 0x00007f9de206f000 Uncommon trap: reason=unstable_if action=reinterpret pc=0x0000000108ce44e0 method=java.net.URI.match(CJJ)Z @ 19

Classes redefined (0 events):
No events

Internal exceptions (10 events):
Event: 1.032 Thread 0x00007f9de2b55000 Exception <a 'java/lang/NoSuchMethodError': <clinit>> (0x00000007a02a97c8) thrown at [/Volumes/android/AOSP-openjdk-git/jdk8u/hotspot/src/share/vm/prims/jni.cpp, line 1613]
Event: 1.033 Thread 0x00007f9de2b55000 Exception <a 'java/lang/NoSuchMethodError': <clinit>> (0x00000007a02b2290) thrown at [/Volumes/android/AOSP-openjdk-git/jdk8u/hotspot/src/share/vm/prims/jni.cpp, line 1613]
Event: 1.034 Thread 0x00007f9de2b55000 Exception <a 'java/lang/NoSuchMethodError': <clinit>> (0x00000007a02c17d0) thrown at [/Volumes/android/AOSP-openjdk-git/jdk8u/hotspot/src/share/vm/prims/jni.cpp, line 1613]
Event: 1.042 Thread 0x00007f9de2b55000 Exception <a 'java/lang/NoSuchMethodError': <clinit>> (0x00000007a03275a0) thrown at [/Volumes/android/AOSP-openjdk-git/jdk8u/hotspot/src/share/vm/prims/jni.cpp, line 1613]
Event: 1.045 Thread 0x00007f9de2b55000 Exception <a 'java/lang/NoSuchMethodError': <clinit>> (0x00000007a034ac98) thrown at [/Volumes/android/AOSP-openjdk-git/jdk8u/hotspot/src/share/vm/prims/jni.cpp, line 1613]
Event: 1.049 Thread 0x00007f9de2b55000 Exception <a 'java/lang/NoSuchMethodError': <clinit>> (0x00000007a0377140) thrown at [/Volumes/android/AOSP-openjdk-git/jdk8u/hotspot/src/share/vm/prims/jni.cpp, line 1613]
Event: 1.051 Thread 0x00007f9de2b55000 Exception <a 'java/lang/NoSuchMethodError': <clinit>> (0x00000007a0384ef0) thrown at [/Volumes/android/AOSP-openjdk-git/jdk8u/hotspot/src/share/vm/prims/jni.cpp, line 1613]
Event: 1.053 Thread 0x00007f9de2b55000 Exception <a 'java/lang/NoSuchMethodError': <clinit>> (0x00000007a03a43a0) thrown at [/Volumes/android/AOSP-openjdk-git/jdk8u/hotspot/src/share/vm/prims/jni.cpp, line 1613]
Event: 1.067 Thread 0x00007f9de206f000 Exception <a 'java/lang/NoSuchMethodError': <clinit>> (0x00000007a058f880) thrown at [/Volumes/android/AOSP-openjdk-git/jdk8u/hotspot/src/share/vm/prims/jni.cpp, line 1613]
Event: 1.068 Thread 0x00007f9de206f000 Exception <a 'java/lang/NoSuchMethodError': <clinit>> (0x00000007a0597b08) thrown at [/Volumes/android/AOSP-openjdk-git/jdk8u/hotspot/src/share/vm/prims/jni.cpp, line 1613]

Events (10 events):
Event: 1.760 loading class org/gradle/deployment/internal/DefaultDeploymentRegistry$PendingChanges
Event: 1.760 loading class org/gradle/deployment/internal/DefaultDeploymentRegistry$PendingChanges done
Event: 1.761 loading class org/gradle/initialization/DefaultGradleLauncherFactory$2
Event: 1.761 loading class org/gradle/initialization/DefaultGradleLauncherFactory$2 done
Event: 1.761 loading class org/gradle/internal/operations/notify/BuildOperationNotificationListener2
Event: 1.761 loading class org/gradle/internal/operations/notify/BuildOperationNotificationListener2 done
Event: 1.761 loading class org/gradle/internal/operations/notify/BuildOperationNotificationBridge$ReplayAndAttachListener
Event: 1.761 loading class org/gradle/internal/operations/notify/BuildOperationNotificationBridge$ReplayAndAttachListener done
Event: 1.762 loading class org/gradle/internal/operations/notify/BuildOperationNotificationBridge$RecordingListener
Event: 1.762 loading class org/gradle/internal/operations/notify/BuildOperationNotificationBridge$RecordingListener done


Dynamic libraries:
0x000000000fe57000 	/System/Library/Frameworks/Cocoa.framework/Versions/A/Cocoa
0x000000000fe57000 	/System/Library/Frameworks/Security.framework/Versions/A/Security
0x000000000fe57000 	/System/Library/Frameworks/ApplicationServices.framework/Versions/A/ApplicationServices
0x000000000fe57000 	/usr/lib/libz.1.dylib
0x000000000fe57000 	/usr/lib/libSystem.B.dylib
0x000000000fe57000 	/System/Library/Frameworks/CoreFoundation.framework/Versions/A/CoreFoundation
0x000000000fe57000 	/System/Library/Frameworks/Foundation.framework/Versions/C/Foundation
0x000000000fe57000 	/usr/lib/libobjc.A.dylib
0x000000000fe57000 	/System/Library/Frameworks/AppKit.framework/Versions/C/AppKit
0x000000000fe57000 	/System/Library/Frameworks/CoreData.framework/Versions/A/CoreData
0x000000000fe57000 	/System/Library/PrivateFrameworks/RemoteViewServices.framework/Versions/A/RemoteViewServices
0x000000000fe57000 	/System/Library/PrivateFrameworks/UIFoundation.framework/Versions/A/UIFoundation
0x000000000fe57000 	/System/Library/PrivateFrameworks/DFRFoundation.framework/Versions/A/DFRFoundation
0x000000000fe57000 	/System/Library/Frameworks/Metal.framework/Versions/A/Metal
0x000000000fe57000 	/System/Library/PrivateFrameworks/DesktopServicesPriv.framework/Versions/A/DesktopServicesPriv
0x000000000fe57000 	/usr/lib/libenergytrace.dylib
0x000000000fe57000 	/System/Library/PrivateFrameworks/SkyLight.framework/Versions/A/SkyLight
0x000000000fe57000 	/System/Library/Frameworks/CoreGraphics.framework/Versions/A/CoreGraphics
0x000000000fe57000 	/usr/lib/libScreenReader.dylib
0x000000000fe57000 	/System/Library/Frameworks/Accelerate.framework/Versions/A/Accelerate
0x000000000fe57000 	/System/Library/Frameworks/IOSurface.framework/Versions/A/IOSurface
0x000000000fe57000 	/System/Library/Frameworks/AudioToolbox.framework/Versions/A/AudioToolbox
0x000000000fe57000 	/System/Library/Frameworks/AudioUnit.framework/Versions/A/AudioUnit
0x000000000fe57000 	/System/Library/PrivateFrameworks/DataDetectorsCore.framework/Versions/A/DataDetectorsCore
0x000000000fe57000 	/System/Library/Frameworks/Carbon.framework/Versions/A/Frameworks/HIToolbox.framework/Versions/A/HIToolbox
0x000000000fe57000 	/usr/lib/libicucore.A.dylib
0x000000000fe57000 	/System/Library/Frameworks/QuartzCore.framework/Versions/A/QuartzCore
0x000000000fe57000 	/System/Library/Frameworks/Carbon.framework/Versions/A/Frameworks/SpeechRecognition.framework/Versions/A/SpeechRecognition
0x000000000fe57000 	/usr/lib/libauto.dylib
0x000000000fe57000 	/usr/lib/libxml2.2.dylib
0x000000000fe57000 	/System/Library/PrivateFrameworks/CoreUI.framework/Versions/A/CoreUI
0x000000000fe57000 	/System/Library/Frameworks/CoreAudio.framework/Versions/A/CoreAudio
0x000000000fe57000 	/System/Library/Frameworks/DiskArbitration.framework/Versions/A/DiskArbitration
0x000000000fe57000 	/usr/lib/liblangid.dylib
0x000000000fe57000 	/System/Library/PrivateFrameworks/MultitouchSupport.framework/Versions/A/MultitouchSupport
0x000000000fe57000 	/System/Library/Frameworks/IOKit.framework/Versions/A/IOKit
0x000000000fe57000 	/usr/lib/libDiagnosticMessagesClient.dylib
0x000000000fe57000 	/System/Library/Frameworks/CoreServices.framework/Versions/A/CoreServices
0x000000000fe57000 	/System/Library/PrivateFrameworks/PerformanceAnalysis.framework/Versions/A/PerformanceAnalysis
0x000000000fe57000 	/System/Library/Frameworks/OpenGL.framework/Versions/A/OpenGL
0x000000000fe57000 	/System/Library/Frameworks/ColorSync.framework/Versions/A/ColorSync
0x000000000fe57000 	/System/Library/Frameworks/CoreImage.framework/Versions/A/CoreImage
0x000000000fe57000 	/System/Library/Frameworks/CoreText.framework/Versions/A/CoreText
0x000000000fe57000 	/System/Library/Frameworks/ImageIO.framework/Versions/A/ImageIO
0x000000000fe57000 	/System/Library/PrivateFrameworks/Backup.framework/Versions/A/Backup
0x000000000fe57000 	/usr/lib/libarchive.2.dylib
0x000000000fe57000 	/System/Library/Frameworks/CFNetwork.framework/Versions/A/CFNetwork
0x000000000fe57000 	/System/Library/Frameworks/SystemConfiguration.framework/Versions/A/SystemConfiguration
0x000000000fe57000 	/usr/lib/libCRFSuite.dylib
0x000000000fe57000 	/usr/lib/libc++.1.dylib
0x000000000fe57000 	/usr/lib/libc++abi.dylib
0x000000000fe57000 	/usr/lib/system/libcache.dylib
0x000000000fe57000 	/usr/lib/system/libcommonCrypto.dylib
0x000000000fe57000 	/usr/lib/system/libcompiler_rt.dylib
0x000000000fe57000 	/usr/lib/system/libcopyfile.dylib
0x000000000fe57000 	/usr/lib/system/libcorecrypto.dylib
0x000000000fe57000 	/usr/lib/system/libdispatch.dylib
0x000000000fe57000 	/usr/lib/system/libdyld.dylib
0x000000000fe57000 	/usr/lib/system/libkeymgr.dylib
0x000000000fe57000 	/usr/lib/system/liblaunch.dylib
0x000000000fe57000 	/usr/lib/system/libmacho.dylib
0x000000000fe57000 	/usr/lib/system/libquarantine.dylib
0x000000000fe57000 	/usr/lib/system/libremovefile.dylib
0x000000000fe57000 	/usr/lib/system/libsystem_asl.dylib
0x000000000fe57000 	/usr/lib/system/libsystem_blocks.dylib
0x000000000fe57000 	/usr/lib/system/libsystem_c.dylib
0x000000000fe57000 	/usr/lib/system/libsystem_configuration.dylib
0x000000000fe57000 	/usr/lib/system/libsystem_coreservices.dylib
0x000000000fe57000 	/usr/lib/system/libsystem_darwin.dylib
0x000000000fe57000 	/usr/lib/system/libsystem_dnssd.dylib
0x000000000fe57000 	/usr/lib/system/libsystem_info.dylib
0x000000000fe57000 	/usr/lib/system/libsystem_m.dylib
0x000000000fe57000 	/usr/lib/system/libsystem_malloc.dylib
0x000000000fe57000 	/usr/lib/system/libsystem_network.dylib
0x000000000fe57000 	/usr/lib/system/libsystem_networkextension.dylib
0x000000000fe57000 	/usr/lib/system/libsystem_notify.dylib
0x000000000fe57000 	/usr/lib/system/libsystem_sandbox.dylib
0x000000000fe57000 	/usr/lib/system/libsystem_secinit.dylib
0x000000000fe57000 	/usr/lib/system/libsystem_kernel.dylib
0x000000000fe57000 	/usr/lib/system/libsystem_platform.dylib
0x000000000fe57000 	/usr/lib/system/libsystem_pthread.dylib
0x000000000fe57000 	/usr/lib/system/libsystem_symptoms.dylib
0x000000000fe57000 	/usr/lib/system/libsystem_trace.dylib
0x000000000fe57000 	/usr/lib/system/libunwind.dylib
0x000000000fe57000 	/usr/lib/system/libxpc.dylib
0x000000000fe57000 	/usr/lib/closure/libclosured.dylib
0x000000000fe57000 	/usr/lib/libbsm.0.dylib
0x000000000fe57000 	/usr/lib/system/libkxld.dylib
0x000000000fe57000 	/usr/lib/libOpenScriptingUtil.dylib
0x000000000fe57000 	/usr/lib/libcoretls.dylib
0x000000000fe57000 	/usr/lib/libcoretls_cfhelpers.dylib
0x000000000fe57000 	/usr/lib/libpam.2.dylib
0x000000000fe57000 	/usr/lib/libsqlite3.dylib
0x000000000fe57000 	/usr/lib/libxar.1.dylib
0x000000000fe57000 	/usr/lib/libbz2.1.0.dylib
0x000000000fe57000 	/usr/lib/liblzma.5.dylib
0x000000000fe57000 	/usr/lib/libnetwork.dylib
0x000000000fe57000 	/usr/lib/libapple_nghttp2.dylib
0x000000000fe57000 	/usr/lib/libpcap.A.dylib
0x000000000fe57000 	/usr/lib/libboringssl.dylib
0x000000000fe57000 	/usr/lib/libusrtcp.dylib
0x000000000fe57000 	/usr/lib/libapple_crypto.dylib
0x000000000fe57000 	/System/Library/Frameworks/CoreServices.framework/Versions/A/Frameworks/FSEvents.framework/Versions/A/FSEvents
0x000000000fe57000 	/System/Library/Frameworks/CoreServices.framework/Versions/A/Frameworks/CarbonCore.framework/Versions/A/CarbonCore
0x000000000fe57000 	/System/Library/Frameworks/CoreServices.framework/Versions/A/Frameworks/Metadata.framework/Versions/A/Metadata
0x000000000fe57000 	/System/Library/Frameworks/CoreServices.framework/Versions/A/Frameworks/OSServices.framework/Versions/A/OSServices
0x000000000fe57000 	/System/Library/Frameworks/CoreServices.framework/Versions/A/Frameworks/SearchKit.framework/Versions/A/SearchKit
0x000000000fe57000 	/System/Library/Frameworks/CoreServices.framework/Versions/A/Frameworks/AE.framework/Versions/A/AE
0x000000000fe57000 	/System/Library/Frameworks/CoreServices.framework/Versions/A/Frameworks/LaunchServices.framework/Versions/A/LaunchServices
0x000000000fe57000 	/System/Library/Frameworks/CoreServices.framework/Versions/A/Frameworks/DictionaryServices.framework/Versions/A/DictionaryServices
0x000000000fe57000 	/System/Library/Frameworks/CoreServices.framework/Versions/A/Frameworks/SharedFileList.framework/Versions/A/SharedFileList
0x000000000fe57000 	/System/Library/Frameworks/NetFS.framework/Versions/A/NetFS
0x000000000fe57000 	/System/Library/PrivateFrameworks/NetAuth.framework/Versions/A/NetAuth
0x000000000fe57000 	/System/Library/PrivateFrameworks/login.framework/Versions/A/Frameworks/loginsupport.framework/Versions/A/loginsupport
0x000000000fe57000 	/System/Library/PrivateFrameworks/TCC.framework/Versions/A/TCC
0x000000000fe57000 	/usr/lib/libmecabra.dylib
0x000000000fe57000 	/System/Library/Frameworks/ApplicationServices.framework/Versions/A/Frameworks/ATS.framework/Versions/A/ATS
0x000000000fe57000 	/System/Library/Frameworks/ApplicationServices.framework/Versions/A/Frameworks/ColorSyncLegacy.framework/Versions/A/ColorSyncLegacy
0x000000000fe57000 	/System/Library/Frameworks/ApplicationServices.framework/Versions/A/Frameworks/HIServices.framework/Versions/A/HIServices
0x000000000fe57000 	/System/Library/Frameworks/ApplicationServices.framework/Versions/A/Frameworks/LangAnalysis.framework/Versions/A/LangAnalysis
0x000000000fe57000 	/System/Library/Frameworks/ApplicationServices.framework/Versions/A/Frameworks/PrintCore.framework/Versions/A/PrintCore
0x000000000fe57000 	/System/Library/Frameworks/ApplicationServices.framework/Versions/A/Frameworks/QD.framework/Versions/A/QD
0x000000000fe57000 	/System/Library/Frameworks/ApplicationServices.framework/Versions/A/Frameworks/SpeechSynthesis.framework/Versions/A/SpeechSynthesis
0x000000000fe57000 	/System/Library/Frameworks/CoreDisplay.framework/Versions/A/CoreDisplay
0x000000000fe57000 	/System/Library/Frameworks/Accelerate.framework/Versions/A/Frameworks/vImage.framework/Versions/A/vImage
0x000000000fe57000 	/System/Library/Frameworks/Accelerate.framework/Versions/A/Frameworks/vecLib.framework/Versions/A/vecLib
0x000000000fe57000 	/System/Library/Frameworks/Accelerate.framework/Versions/A/Frameworks/vecLib.framework/Versions/A/libvDSP.dylib
0x000000000fe57000 	/System/Library/Frameworks/Accelerate.framework/Versions/A/Frameworks/vecLib.framework/Versions/A/libBNNS.dylib
0x000000000fe57000 	/System/Library/Frameworks/Accelerate.framework/Versions/A/Frameworks/vecLib.framework/Versions/A/libQuadrature.dylib
0x000000000fe57000 	/System/Library/Frameworks/Accelerate.framework/Versions/A/Frameworks/vecLib.framework/Versions/A/libvMisc.dylib
0x000000000fe57000 	/System/Library/Frameworks/Accelerate.framework/Versions/A/Frameworks/vecLib.framework/Versions/A/libLAPACK.dylib
0x000000000fe57000 	/System/Library/Frameworks/Accelerate.framework/Versions/A/Frameworks/vecLib.framework/Versions/A/libBLAS.dylib
0x000000000fe57000 	/System/Library/Frameworks/Accelerate.framework/Versions/A/Frameworks/vecLib.framework/Versions/A/libLinearAlgebra.dylib
0x000000000fe57000 	/System/Library/Frameworks/Accelerate.framework/Versions/A/Frameworks/vecLib.framework/Versions/A/libSparse.dylib
0x000000000fe57000 	/System/Library/Frameworks/Accelerate.framework/Versions/A/Frameworks/vecLib.framework/Versions/A/libSparseBLAS.dylib
0x000000000fe57000 	/System/Library/PrivateFrameworks/IOAccelerator.framework/Versions/A/IOAccelerator
0x000000000fe57000 	/System/Library/PrivateFrameworks/IOPresentment.framework/Versions/A/IOPresentment
0x000000000fe57000 	/System/Library/PrivateFrameworks/DSExternalDisplay.framework/Versions/A/DSExternalDisplay
0x000000000fe57000 	/System/Library/Frameworks/OpenGL.framework/Versions/A/Libraries/libCoreFSCache.dylib
0x000000000fe57000 	/System/Library/Frameworks/CoreVideo.framework/Versions/A/CoreVideo
0x000000000fe57000 	/System/Library/PrivateFrameworks/GraphVisualizer.framework/Versions/A/GraphVisualizer
0x000000000fe57000 	/System/Library/Frameworks/MetalPerformanceShaders.framework/Versions/A/MetalPerformanceShaders
0x000000000fe57000 	/usr/lib/libFosl_dynamic.dylib
0x000000000fe57000 	/System/Library/PrivateFrameworks/FaceCore.framework/Versions/A/FaceCore
0x000000000fe57000 	/System/Library/Frameworks/OpenCL.framework/Versions/A/OpenCL
0x000000000fe57000 	/usr/lib/libcompression.dylib
0x000000000fe57000 	/System/Library/Frameworks/ApplicationServices.framework/Versions/A/Frameworks/ATS.framework/Versions/A/Resources/libFontParser.dylib
0x000000000fe57000 	/System/Library/Frameworks/ApplicationServices.framework/Versions/A/Frameworks/ATS.framework/Versions/A/Resources/libFontRegistry.dylib
0x000000000fe57000 	/System/Library/Frameworks/ImageIO.framework/Versions/A/Resources/libJPEG.dylib
0x000000000fe57000 	/System/Library/Frameworks/ImageIO.framework/Versions/A/Resources/libTIFF.dylib
0x000000000fe57000 	/System/Library/Frameworks/ImageIO.framework/Versions/A/Resources/libPng.dylib
0x000000000fe57000 	/System/Library/Frameworks/ImageIO.framework/Versions/A/Resources/libGIF.dylib
0x000000000fe57000 	/System/Library/Frameworks/ImageIO.framework/Versions/A/Resources/libJP2.dylib
0x000000000fe57000 	/System/Library/Frameworks/ImageIO.framework/Versions/A/Resources/libRadiance.dylib
0x000000000fe57000 	/System/Library/PrivateFrameworks/AppleJPEG.framework/Versions/A/AppleJPEG
0x000000000fe57000 	/System/Library/PrivateFrameworks/MetalTools.framework/Versions/A/MetalTools
0x000000000fe57000 	/System/Library/Frameworks/MetalPerformanceShaders.framework/Frameworks/MPSCore.framework/Versions/A/MPSCore
0x000000000fe57000 	/System/Library/Frameworks/MetalPerformanceShaders.framework/Frameworks/MPSImage.framework/Versions/A/MPSImage
0x000000000fe57000 	/System/Library/Frameworks/MetalPerformanceShaders.framework/Frameworks/MPSMatrix.framework/Versions/A/MPSMatrix
0x000000000fe57000 	/System/Library/Frameworks/MetalPerformanceShaders.framework/Frameworks/MPSNeuralNetwork.framework/Versions/A/MPSNeuralNetwork
0x000000000fe57000 	/System/Library/Frameworks/OpenGL.framework/Versions/A/Libraries/libGLU.dylib
0x000000000fe57000 	/System/Library/Frameworks/OpenGL.framework/Versions/A/Libraries/libGFXShared.dylib
0x000000000fe57000 	/System/Library/Frameworks/OpenGL.framework/Versions/A/Libraries/libGL.dylib
0x000000000fe57000 	/System/Library/Frameworks/OpenGL.framework/Versions/A/Libraries/libGLImage.dylib
0x000000000fe57000 	/System/Library/Frameworks/OpenGL.framework/Versions/A/Libraries/libCVMSPluginSupport.dylib
0x000000000fe57000 	/System/Library/Frameworks/OpenGL.framework/Versions/A/Libraries/libCoreVMClient.dylib
0x000000000fe57000 	/usr/lib/libcups.2.dylib
0x000000000fe57000 	/System/Library/Frameworks/Kerberos.framework/Versions/A/Kerberos
0x000000000fe57000 	/System/Library/Frameworks/GSS.framework/Versions/A/GSS
0x000000000fe57000 	/usr/lib/libresolv.9.dylib
0x000000000fe57000 	/usr/lib/libiconv.2.dylib
0x000000000fe57000 	/System/Library/PrivateFrameworks/Heimdal.framework/Versions/A/Heimdal
0x000000000fe57000 	/usr/lib/libheimdal-asn1.dylib
0x000000000fe57000 	/System/Library/Frameworks/OpenDirectory.framework/Versions/A/OpenDirectory
0x000000000fe57000 	/System/Library/PrivateFrameworks/CommonAuth.framework/Versions/A/CommonAuth
0x000000000fe57000 	/System/Library/Frameworks/OpenDirectory.framework/Versions/A/Frameworks/CFOpenDirectory.framework/Versions/A/CFOpenDirectory
0x000000000fe57000 	/System/Library/Frameworks/SecurityFoundation.framework/Versions/A/SecurityFoundation
0x000000000fe57000 	/System/Library/PrivateFrameworks/APFS.framework/Versions/A/APFS
0x000000000fe57000 	/usr/lib/libutil.dylib
0x000000000fe57000 	/System/Library/PrivateFrameworks/AppleSauce.framework/Versions/A/AppleSauce
0x000000000fe57000 	/System/Library/PrivateFrameworks/LinguisticData.framework/Versions/A/LinguisticData
0x000000000fe57000 	/usr/lib/libmarisa.dylib
0x000000000fe57000 	/System/Library/PrivateFrameworks/Lexicon.framework/Versions/A/Lexicon
0x000000000fe57000 	/usr/lib/libChineseTokenizer.dylib
0x000000000fe57000 	/usr/lib/libcmph.dylib
0x000000000fe57000 	/System/Library/PrivateFrameworks/LanguageModeling.framework/Versions/A/LanguageModeling
0x000000000fe57000 	/System/Library/PrivateFrameworks/CoreEmoji.framework/Versions/A/CoreEmoji
0x000000000fe57000 	/System/Library/Frameworks/ServiceManagement.framework/Versions/A/ServiceManagement
0x000000000fe57000 	/System/Library/PrivateFrameworks/BackgroundTaskManagement.framework/Versions/A/BackgroundTaskManagement
0x000000000fe57000 	/usr/lib/libxslt.1.dylib
0x000000000fe57000 	/System/Library/Frameworks/Carbon.framework/Versions/A/Frameworks/Ink.framework/Versions/A/Ink
0x000000000fe57000 	/System/Library/PrivateFrameworks/TextureIO.framework/Versions/A/TextureIO
0x000000000fe57000 	/usr/lib/libate.dylib
0x000000000fe57000 	/System/Library/PrivateFrameworks/CrashReporterSupport.framework/Versions/A/CrashReporterSupport
0x000000000fe57000 	/System/Library/PrivateFrameworks/Sharing.framework/Versions/A/Sharing
0x000000000fe57000 	/System/Library/PrivateFrameworks/IconServices.framework/Versions/A/IconServices
0x000000000fe57000 	/System/Library/PrivateFrameworks/ProtocolBuffer.framework/Versions/A/ProtocolBuffer
0x000000000fe57000 	/System/Library/PrivateFrameworks/Apple80211.framework/Versions/A/Apple80211
0x000000000fe57000 	/System/Library/Frameworks/CoreWLAN.framework/Versions/A/CoreWLAN
0x000000000fe57000 	/System/Library/PrivateFrameworks/CoreUtils.framework/Versions/A/CoreUtils
0x000000000fe57000 	/System/Library/Frameworks/IOBluetooth.framework/Versions/A/IOBluetooth
0x000000000fe57000 	/System/Library/PrivateFrameworks/CoreWiFi.framework/Versions/A/CoreWiFi
0x000000000fe57000 	/System/Library/Frameworks/CoreBluetooth.framework/Versions/A/CoreBluetooth
0x000000000fe57000 	/System/Library/PrivateFrameworks/SignpostNotification.framework/Versions/A/SignpostNotification
0x000000000fe57000 	/System/Library/PrivateFrameworks/DebugSymbols.framework/Versions/A/DebugSymbols
0x000000000fe57000 	/System/Library/PrivateFrameworks/CoreSymbolication.framework/Versions/A/CoreSymbolication
0x000000000fe57000 	/System/Library/PrivateFrameworks/Symbolication.framework/Versions/A/Symbolication
0x000000000fe57000 	/System/Library/PrivateFrameworks/AppleFSCompression.framework/Versions/A/AppleFSCompression
0x000000000fe57000 	/System/Library/PrivateFrameworks/SpeechRecognitionCore.framework/Versions/A/SpeechRecognitionCore
0x0000000101400000 	/Applications/Android Studio.app/Contents/jre/jdk/Contents/Home/jre/lib/server/libjvm.dylib
0x000000000fe57000 	/usr/lib/libstdc++.6.0.9.dylib
0x000000010039e000 	/Applications/Android Studio.app/Contents/jre/jdk/Contents/Home/jre/lib/libverify.dylib
0x00000001003aa000 	/Applications/Android Studio.app/Contents/jre/jdk/Contents/Home/jre/lib/libjava.dylib
0x00000001003e8000 	/Applications/Android Studio.app/Contents/jre/jdk/Contents/Home/jre/lib/libzip.dylib
0x0000000108719000 	/Applications/Android Studio.app/Contents/jre/jdk/Contents/Home/jre/lib/libnet.dylib
0x0000000108778000 	/Applications/Android Studio.app/Contents/jre/jdk/Contents/Home/jre/lib/libnio.dylib
0x000000010899d000 	/Users/annascott/.gradle/native/25/osx-amd64/libnative-platform.dylib
0x0000000117e01000 	/Applications/Android Studio.app/Contents/jre/jdk/Contents/Home/jre/lib/libmanagement.dylib

VM Arguments:
jvm_args: -Xmx1536m -Dfile.encoding=UTF-8 -Duser.country=US -Duser.language=en -Duser.variant 
java_command: org.gradle.launcher.daemon.bootstrap.GradleDaemon 4.4
java_class_path (initial): /Users/annascott/.gradle/wrapper/dists/gradle-4.4-all/9br9xq1tocpiv8o6njlyu5op1/gradle-4.4/lib/gradle-launcher-4.4.jar
Launcher Type: SUN_STANDARD

Environment Variables:
PATH=/usr/local/bin:/usr/bin:/bin:/usr/sbin:/sbin
SHELL=/bin/bash

Signal Handlers:
SIGSEGV: [libjvm.dylib+0x53f567], sa_mask[0]=11111111011111110111111111111111, sa_flags=SA_ONSTACK|SA_RESTART|SA_SIGINFO
SIGBUS: [libjvm.dylib+0x53f567], sa_mask[0]=11111111011111110111111111111111, sa_flags=SA_RESTART|SA_SIGINFO
SIGFPE: [libjvm.dylib+0x437adf], sa_mask[0]=11111111011111110111111111111111, sa_flags=SA_RESTART|SA_SIGINFO
SIGPIPE: [libjvm.dylib+0x437adf], sa_mask[0]=11111111011111110111111111111111, sa_flags=SA_RESTART|SA_SIGINFO
SIGXFSZ: [libjvm.dylib+0x437adf], sa_mask[0]=11111111011111110111111111111111, sa_flags=SA_RESTART|SA_SIGINFO
SIGILL: [libjvm.dylib+0x437adf], sa_mask[0]=11111111011111110111111111111111, sa_flags=SA_RESTART|SA_SIGINFO
SIGUSR1: SIG_DFL, sa_mask[0]=00000000000000000000000000000000, sa_flags=none
SIGUSR2: [libjvm.dylib+0x438404], sa_mask[0]=00100000000000000000000000000000, sa_flags=SA_RESTART|SA_SIGINFO
SIGHUP: [libjvm.dylib+0x4365f9], sa_mask[0]=11111111011111110111111111111111, sa_flags=SA_RESTART|SA_SIGINFO
SIGINT: [libjvm.dylib+0x4365f9], sa_mask[0]=11111111011111110111111111111111, sa_flags=SA_RESTART|SA_SIGINFO
SIGTERM: [libjvm.dylib+0x4365f9], sa_mask[0]=11111111011111110111111111111111, sa_flags=SA_RESTART|SA_SIGINFO
SIGQUIT: [libjvm.dylib+0x4365f9], sa_mask[0]=11111111011111110111111111111111, sa_flags=SA_RESTART|SA_SIGINFO


---------------  S Y S T E M  ---------------

OS:Bsduname:Darwin 17.3.0 Darwin Kernel Version 17.3.0: Thu Nov  9 18:09:22 PST 2017; root:xnu-4570.31.3~1/RELEASE_X86_64 x86_64
rlimit: STACK 8192k, CORE 0k, NPROC 1418, NOFILE 10240, AS infinity
load average:1.67 1.49 1.54

CPU:total 8 (initial active 8) (4 cores per cpu, 2 threads per core) family 6 model 94 stepping 3, cmov, cx8, fxsr, mmx, sse, sse2, sse3, ssse3, sse4.1, sse4.2, popcnt, avx, avx2, aes, clmul, erms, rtm, 3dnowpref, lzcnt, ht, tsc, tscinvbit, bmi1, bmi2, adx

Memory: 4k page, physical 16777216k(2965140k free)

/proc/meminfo:


vm_info: OpenJDK 64-Bit Server VM (25.152-b01) for bsd-amd64 JRE (1.8.0_152-release-1024-b01), built by "builder" with gcc 4.2.1 Compatible Apple LLVM 8.1.0 (clang-802.0.42)

time: Sun Aug 12 17:57:56 2018
elapsed time: 1 seconds (0d 0h 0m 1s)

